Performing C SOURCE FILE Test CMAKE_HAVE_LIBC_PTHREAD failed with the following output:
Change Dir: /home/janf/suturo_new/src/rs_addons/cmake-build-debug/CMakeFiles/CMakeTmp

Run Build Command(s):/usr/bin/make cmTC_f28be/fast && /usr/bin/make -f CMakeFiles/cmTC_f28be.dir/build.make CMakeFiles/cmTC_f28be.dir/build
make[1]: Verzeichnis „/home/janf/suturo_new/src/rs_addons/cmake-build-debug/CMakeFiles/CMakeTmp“ wird betreten
Building C object CMakeFiles/cmTC_f28be.dir/src.c.o
/usr/bin/cc   -DCMAKE_HAVE_LIBC_PTHREAD   -o CMakeFiles/cmTC_f28be.dir/src.c.o   -c /home/janf/suturo_new/src/rs_addons/cmake-build-debug/CMakeFiles/CMakeTmp/src.c
Linking C executable cmTC_f28be
/home/janf/Programme/clion-2019.3.4/bin/cmake/linux/bin/cmake -E cmake_link_script CMakeFiles/cmTC_f28be.dir/link.txt --verbose=1
/usr/bin/cc  -DCMAKE_HAVE_LIBC_PTHREAD    -rdynamic CMakeFiles/cmTC_f28be.dir/src.c.o  -o cmTC_f28be 
CMakeFiles/cmTC_f28be.dir/src.c.o: In Funktion `main':
src.c:(.text+0x3c): Nicht definierter Verweis auf `pthread_create'
src.c:(.text+0x48): Nicht definierter Verweis auf `pthread_detach'
src.c:(.text+0x59): Nicht definierter Verweis auf `pthread_join'
src.c:(.text+0x6d): Nicht definierter Verweis auf `pthread_atfork'
collect2: error: ld returned 1 exit status
CMakeFiles/cmTC_f28be.dir/build.make:86: die Regel für Ziel „cmTC_f28be“ scheiterte
make[1]: *** [cmTC_f28be] Fehler 1
make[1]: Verzeichnis „/home/janf/suturo_new/src/rs_addons/cmake-build-debug/CMakeFiles/CMakeTmp“ wird verlassen
Makefile:121: die Regel für Ziel „cmTC_f28be/fast“ scheiterte
make: *** [cmTC_f28be/fast] Fehler 2


Source file was:
#include <pthread.h>

void* test_func(void* data)
{
  return data;
}

int main(void)
{
  pthread_t thread;
  pthread_create(&thread, NULL, test_func, NULL);
  pthread_detach(thread);
  pthread_join(thread, NULL);
  pthread_atfork(NULL, NULL, NULL);
  pthread_exit(NULL);

  return 0;
}

Determining if the function pthread_create exists in the pthreads failed with the following output:
Change Dir: /home/janf/suturo_new/src/rs_addons/cmake-build-debug/CMakeFiles/CMakeTmp

Run Build Command(s):/usr/bin/make cmTC_53406/fast && /usr/bin/make -f CMakeFiles/cmTC_53406.dir/build.make CMakeFiles/cmTC_53406.dir/build
make[1]: Verzeichnis „/home/janf/suturo_new/src/rs_addons/cmake-build-debug/CMakeFiles/CMakeTmp“ wird betreten
Building C object CMakeFiles/cmTC_53406.dir/CheckFunctionExists.c.o
/usr/bin/cc   -DCHECK_FUNCTION_EXISTS=pthread_create   -o CMakeFiles/cmTC_53406.dir/CheckFunctionExists.c.o   -c /home/janf/Programme/clion-2019.3.4/bin/cmake/linux/share/cmake-3.15/Modules/CheckFunctionExists.c
Linking C executable cmTC_53406
/home/janf/Programme/clion-2019.3.4/bin/cmake/linux/bin/cmake -E cmake_link_script CMakeFiles/cmTC_53406.dir/link.txt --verbose=1
/usr/bin/cc  -DCHECK_FUNCTION_EXISTS=pthread_create    -rdynamic CMakeFiles/cmTC_53406.dir/CheckFunctionExists.c.o  -o cmTC_53406 -lpthreads 
/usr/bin/ld: cannot find -lpthreads
collect2: error: ld returned 1 exit status
CMakeFiles/cmTC_53406.dir/build.make:86: die Regel für Ziel „cmTC_53406“ scheiterte
make[1]: *** [cmTC_53406] Fehler 1
make[1]: Verzeichnis „/home/janf/suturo_new/src/rs_addons/cmake-build-debug/CMakeFiles/CMakeTmp“ wird verlassen
Makefile:121: die Regel für Ziel „cmTC_53406/fast“ scheiterte
make: *** [cmTC_53406/fast] Fehler 2



